  CSP2014-Assignment-02.cpp
C:\Users\James\Documents\GitHub\CSP2104-Assignment-02\CSP2014-Assignment-02\Word.h(29,17): error C3646: 'getName': unknown override specifier
C:\Users\James\Documents\GitHub\CSP2104-Assignment-02\CSP2014-Assignment-02\Word.h(29,24): error C2059: syntax error: '('
C:\Users\James\Documents\GitHub\CSP2104-Assignment-02\CSP2014-Assignment-02\Word.h(30,1): error C2334: unexpected token(s) preceding '{'; skipping apparent function body
C:\Users\James\Documents\GitHub\CSP2104-Assignment-02\CSP2014-Assignment-02\Word.h(34,23): error C2061: syntax error: identifier 'string'
C:\Users\James\Documents\GitHub\CSP2104-Assignment-02\CSP2014-Assignment-02\Word.h(39,17): error C3646: 'getType': unknown override specifier
C:\Users\James\Documents\GitHub\CSP2104-Assignment-02\CSP2014-Assignment-02\Word.h(39,24): error C2059: syntax error: '('
C:\Users\James\Documents\GitHub\CSP2104-Assignment-02\CSP2014-Assignment-02\Word.h(40,1): error C2334: unexpected token(s) preceding '{'; skipping apparent function body
C:\Users\James\Documents\GitHub\CSP2104-Assignment-02\CSP2014-Assignment-02\Word.h(44,23): error C2061: syntax error: identifier 'string'
C:\Users\James\Documents\GitHub\CSP2104-Assignment-02\CSP2014-Assignment-02\Word.h(49,17): error C3646: 'getDefinition': unknown override specifier
C:\Users\James\Documents\GitHub\CSP2104-Assignment-02\CSP2014-Assignment-02\Word.h(49,30): error C2059: syntax error: '('
C:\Users\James\Documents\GitHub\CSP2104-Assignment-02\CSP2014-Assignment-02\Word.h(50,1): error C2334: unexpected token(s) preceding '{'; skipping apparent function body
C:\Users\James\Documents\GitHub\CSP2104-Assignment-02\CSP2014-Assignment-02\Word.h(54,17): error C3646: 'setDefinition': unknown override specifier
C:\Users\James\Documents\GitHub\CSP2104-Assignment-02\CSP2014-Assignment-02\Word.h(54,30): error C2059: syntax error: '('
C:\Users\James\Documents\GitHub\CSP2104-Assignment-02\CSP2014-Assignment-02\Word.h(55,1): error C2334: unexpected token(s) preceding '{'; skipping apparent function body
C:\Users\James\Documents\GitHub\CSP2104-Assignment-02\CSP2014-Assignment-02\Word.h(36,15): error C2065: 'nameToSet': undeclared identifier
C:\Users\James\Documents\GitHub\CSP2104-Assignment-02\CSP2014-Assignment-02\Word.h(46,15): error C2065: 'typeToSet': undeclared identifier
C:\Users\James\Documents\GitHub\CSP2104-Assignment-02\CSP2014-Assignment-02\CSP2014-Assignment-02.cpp(50,27): error C2248: 'Word::name': cannot access private member declared in class 'Word'
C:\Users\James\Documents\GitHub\CSP2104-Assignment-02\CSP2014-Assignment-02\Word.h(16,14): message : see declaration of 'Word::name'
C:\Users\James\Documents\GitHub\CSP2104-Assignment-02\CSP2014-Assignment-02\Word.h(14,7): message : see declaration of 'Word'
C:\Users\James\Documents\GitHub\CSP2104-Assignment-02\CSP2014-Assignment-02\CSP2014-Assignment-02.cpp(52,11): error C2248: 'Word::type': cannot access private member declared in class 'Word'
C:\Users\James\Documents\GitHub\CSP2104-Assignment-02\CSP2014-Assignment-02\Word.h(16,20): message : see declaration of 'Word::type'
C:\Users\James\Documents\GitHub\CSP2104-Assignment-02\CSP2014-Assignment-02\Word.h(14,7): message : see declaration of 'Word'
C:\Users\James\Documents\GitHub\CSP2104-Assignment-02\CSP2014-Assignment-02\CSP2014-Assignment-02.cpp(56,16): error C2248: 'Word::type': cannot access private member declared in class 'Word'
C:\Users\James\Documents\GitHub\CSP2104-Assignment-02\CSP2014-Assignment-02\Word.h(16,20): message : see declaration of 'Word::type'
C:\Users\James\Documents\GitHub\CSP2104-Assignment-02\CSP2014-Assignment-02\Word.h(14,7): message : see declaration of 'Word'
C:\Users\James\Documents\GitHub\CSP2104-Assignment-02\CSP2014-Assignment-02\CSP2014-Assignment-02.cpp(60,16): error C2248: 'Word::type': cannot access private member declared in class 'Word'
C:\Users\James\Documents\GitHub\CSP2104-Assignment-02\CSP2014-Assignment-02\Word.h(16,20): message : see declaration of 'Word::type'
C:\Users\James\Documents\GitHub\CSP2104-Assignment-02\CSP2014-Assignment-02\Word.h(14,7): message : see declaration of 'Word'
C:\Users\James\Documents\GitHub\CSP2104-Assignment-02\CSP2014-Assignment-02\CSP2014-Assignment-02.cpp(64,16): error C2248: 'Word::type': cannot access private member declared in class 'Word'
C:\Users\James\Documents\GitHub\CSP2104-Assignment-02\CSP2014-Assignment-02\Word.h(16,20): message : see declaration of 'Word::type'
C:\Users\James\Documents\GitHub\CSP2104-Assignment-02\CSP2014-Assignment-02\Word.h(14,7): message : see declaration of 'Word'
C:\Users\James\Documents\GitHub\CSP2104-Assignment-02\CSP2014-Assignment-02\CSP2014-Assignment-02.cpp(68,16): error C2248: 'Word::type': cannot access private member declared in class 'Word'
C:\Users\James\Documents\GitHub\CSP2104-Assignment-02\CSP2014-Assignment-02\Word.h(16,20): message : see declaration of 'Word::type'
C:\Users\James\Documents\GitHub\CSP2104-Assignment-02\CSP2014-Assignment-02\Word.h(14,7): message : see declaration of 'Word'
C:\Users\James\Documents\GitHub\CSP2104-Assignment-02\CSP2014-Assignment-02\CSP2014-Assignment-02.cpp(72,16): error C2248: 'Word::type': cannot access private member declared in class 'Word'
C:\Users\James\Documents\GitHub\CSP2104-Assignment-02\CSP2014-Assignment-02\Word.h(16,20): message : see declaration of 'Word::type'
C:\Users\James\Documents\GitHub\CSP2104-Assignment-02\CSP2014-Assignment-02\Word.h(14,7): message : see declaration of 'Word'
C:\Users\James\Documents\GitHub\CSP2104-Assignment-02\CSP2014-Assignment-02\CSP2014-Assignment-02.cpp(76,16): error C2248: 'Word::type': cannot access private member declared in class 'Word'
C:\Users\James\Documents\GitHub\CSP2104-Assignment-02\CSP2014-Assignment-02\Word.h(16,20): message : see declaration of 'Word::type'
C:\Users\James\Documents\GitHub\CSP2104-Assignment-02\CSP2014-Assignment-02\Word.h(14,7): message : see declaration of 'Word'
C:\Users\James\Documents\GitHub\CSP2104-Assignment-02\CSP2014-Assignment-02\CSP2014-Assignment-02.cpp(80,16): error C2248: 'Word::type': cannot access private member declared in class 'Word'
C:\Users\James\Documents\GitHub\CSP2104-Assignment-02\CSP2014-Assignment-02\Word.h(16,20): message : see declaration of 'Word::type'
C:\Users\James\Documents\GitHub\CSP2104-Assignment-02\CSP2014-Assignment-02\Word.h(14,7): message : see declaration of 'Word'
C:\Users\James\Documents\GitHub\CSP2104-Assignment-02\CSP2014-Assignment-02\CSP2014-Assignment-02.cpp(88,33): error C2248: 'Word::definition': cannot access private member declared in class 'Word'
C:\Users\James\Documents\GitHub\CSP2104-Assignment-02\CSP2014-Assignment-02\Word.h(16,26): message : see declaration of 'Word::definition'
C:\Users\James\Documents\GitHub\CSP2104-Assignment-02\CSP2014-Assignment-02\Word.h(14,7): message : see declaration of 'Word'
C:\Users\James\Documents\GitHub\CSP2104-Assignment-02\CSP2014-Assignment-02\CSP2014-Assignment-02.cpp(118,10): error C2248: 'Word::Word': cannot access private member declared in class 'Word'
C:\Users\James\Documents\GitHub\CSP2104-Assignment-02\CSP2014-Assignment-02\Word.h(19,2): message : see declaration of 'Word::Word'
C:\Users\James\Documents\GitHub\CSP2104-Assignment-02\CSP2014-Assignment-02\Word.h(14,7): message : see declaration of 'Word'
C:\Users\James\Documents\GitHub\CSP2104-Assignment-02\CSP2014-Assignment-02\CSP2014-Assignment-02.cpp(119,32): error C2248: 'Word::name': cannot access private member declared in class 'Word'
C:\Users\James\Documents\GitHub\CSP2104-Assignment-02\CSP2014-Assignment-02\Word.h(16,14): message : see declaration of 'Word::name'
C:\Users\James\Documents\GitHub\CSP2104-Assignment-02\CSP2014-Assignment-02\Word.h(14,7): message : see declaration of 'Word'
C:\Users\James\Documents\GitHub\CSP2104-Assignment-02\CSP2014-Assignment-02\CSP2014-Assignment-02.cpp(120,32): error C2248: 'Word::definition': cannot access private member declared in class 'Word'
C:\Users\James\Documents\GitHub\CSP2104-Assignment-02\CSP2014-Assignment-02\Word.h(16,26): message : see declaration of 'Word::definition'
C:\Users\James\Documents\GitHub\CSP2104-Assignment-02\CSP2014-Assignment-02\Word.h(14,7): message : see declaration of 'Word'
C:\Users\James\Documents\GitHub\CSP2104-Assignment-02\CSP2014-Assignment-02\CSP2014-Assignment-02.cpp(121,32): error C2248: 'Word::type': cannot access private member declared in class 'Word'
C:\Users\James\Documents\GitHub\CSP2104-Assignment-02\CSP2014-Assignment-02\Word.h(16,20): message : see declaration of 'Word::type'
C:\Users\James\Documents\GitHub\CSP2104-Assignment-02\CSP2014-Assignment-02\Word.h(14,7): message : see declaration of 'Word'
C:\Users\James\Documents\GitHub\CSP2104-Assignment-02\CSP2014-Assignment-02\CSP2014-Assignment-02.cpp(152,34): error C2248: 'Word::name': cannot access private member declared in class 'Word'
C:\Users\James\Documents\GitHub\CSP2104-Assignment-02\CSP2014-Assignment-02\Word.h(16,14): message : see declaration of 'Word::name'
C:\Users\James\Documents\GitHub\CSP2104-Assignment-02\CSP2014-Assignment-02\Word.h(14,7): message : see declaration of 'Word'
C:\Users\James\Documents\GitHub\CSP2104-Assignment-02\CSP2014-Assignment-02\CSP2014-Assignment-02.cpp(153,34): error C2248: 'Word::type': cannot access private member declared in class 'Word'
C:\Users\James\Documents\GitHub\CSP2104-Assignment-02\CSP2014-Assignment-02\Word.h(16,20): message : see declaration of 'Word::type'
C:\Users\James\Documents\GitHub\CSP2104-Assignment-02\CSP2014-Assignment-02\Word.h(14,7): message : see declaration of 'Word'
C:\Users\James\Documents\GitHub\CSP2104-Assignment-02\CSP2014-Assignment-02\CSP2014-Assignment-02.cpp(154,34): error C2248: 'Word::definition': cannot access private member declared in class 'Word'
C:\Users\James\Documents\GitHub\CSP2104-Assignment-02\CSP2014-Assignment-02\Word.h(16,26): message : see declaration of 'Word::definition'
C:\Users\James\Documents\GitHub\CSP2104-Assignment-02\CSP2014-Assignment-02\Word.h(14,7): message : see declaration of 'Word'
C:\Users\James\Documents\GitHub\CSP2104-Assignment-02\CSP2014-Assignment-02\CSP2014-Assignment-02.cpp(175,37): warning C4267: 'initializing': conversion from 'size_t' to 'int', possible loss of data
C:\Users\James\Documents\GitHub\CSP2104-Assignment-02\CSP2014-Assignment-02\CSP2014-Assignment-02.cpp(182,38): error C2248: 'Word::name': cannot access private member declared in class 'Word'
C:\Users\James\Documents\GitHub\CSP2104-Assignment-02\CSP2014-Assignment-02\Word.h(16,14): message : see declaration of 'Word::name'
C:\Users\James\Documents\GitHub\CSP2104-Assignment-02\CSP2014-Assignment-02\Word.h(14,7): message : see declaration of 'Word'
C:\Users\James\Documents\GitHub\CSP2104-Assignment-02\CSP2014-Assignment-02\CSP2014-Assignment-02.cpp(217,39): error C2248: 'Word::name': cannot access private member declared in class 'Word'
C:\Users\James\Documents\GitHub\CSP2104-Assignment-02\CSP2014-Assignment-02\Word.h(16,14): message : see declaration of 'Word::name'
C:\Users\James\Documents\GitHub\CSP2104-Assignment-02\CSP2014-Assignment-02\Word.h(14,7): message : see declaration of 'Word'
C:\Users\James\Documents\GitHub\CSP2104-Assignment-02\CSP2014-Assignment-02\CSP2014-Assignment-02.cpp(219,24): error C2248: 'Word::name': cannot access private member declared in class 'Word'
C:\Users\James\Documents\GitHub\CSP2104-Assignment-02\CSP2014-Assignment-02\Word.h(16,14): message : see declaration of 'Word::name'
C:\Users\James\Documents\GitHub\CSP2104-Assignment-02\CSP2014-Assignment-02\Word.h(14,7): message : see declaration of 'Word'
C:\Users\James\Documents\GitHub\CSP2104-Assignment-02\CSP2014-Assignment-02\CSP2014-Assignment-02.cpp(241,8): error C2248: 'Word::Word': cannot access private member declared in class 'Word'
C:\Users\James\Documents\GitHub\CSP2104-Assignment-02\CSP2014-Assignment-02\Word.h(19,2): message : see declaration of 'Word::Word'
C:\Users\James\Documents\GitHub\CSP2104-Assignment-02\CSP2014-Assignment-02\Word.h(14,7): message : see declaration of 'Word'
C:\Users\James\Documents\GitHub\CSP2104-Assignment-02\CSP2014-Assignment-02\CSP2014-Assignment-02.cpp(242,12): error C2248: 'Word::name': cannot access private member declared in class 'Word'
C:\Users\James\Documents\GitHub\CSP2104-Assignment-02\CSP2014-Assignment-02\Word.h(16,14): message : see declaration of 'Word::name'
C:\Users\James\Documents\GitHub\CSP2104-Assignment-02\CSP2014-Assignment-02\Word.h(14,7): message : see declaration of 'Word'
C:\Users\James\Documents\GitHub\CSP2104-Assignment-02\CSP2014-Assignment-02\CSP2014-Assignment-02.cpp(253,13): error C2248: 'Word::type': cannot access private member declared in class 'Word'
C:\Users\James\Documents\GitHub\CSP2104-Assignment-02\CSP2014-Assignment-02\Word.h(16,20): message : see declaration of 'Word::type'
C:\Users\James\Documents\GitHub\CSP2104-Assignment-02\CSP2014-Assignment-02\Word.h(14,7): message : see declaration of 'Word'
C:\Users\James\Documents\GitHub\CSP2104-Assignment-02\CSP2014-Assignment-02\CSP2014-Assignment-02.cpp(256,13): error C2248: 'Word::type': cannot access private member declared in class 'Word'
C:\Users\James\Documents\GitHub\CSP2104-Assignment-02\CSP2014-Assignment-02\Word.h(16,20): message : see declaration of 'Word::type'
C:\Users\James\Documents\GitHub\CSP2104-Assignment-02\CSP2014-Assignment-02\Word.h(14,7): message : see declaration of 'Word'
C:\Users\James\Documents\GitHub\CSP2104-Assignment-02\CSP2014-Assignment-02\CSP2014-Assignment-02.cpp(259,13): error C2248: 'Word::type': cannot access private member declared in class 'Word'
C:\Users\James\Documents\GitHub\CSP2104-Assignment-02\CSP2014-Assignment-02\Word.h(16,20): message : see declaration of 'Word::type'
C:\Users\James\Documents\GitHub\CSP2104-Assignment-02\CSP2014-Assignment-02\Word.h(14,7): message : see declaration of 'Word'
C:\Users\James\Documents\GitHub\CSP2104-Assignment-02\CSP2014-Assignment-02\CSP2014-Assignment-02.cpp(262,13): error C2248: 'Word::type': cannot access private member declared in class 'Word'
C:\Users\James\Documents\GitHub\CSP2104-Assignment-02\CSP2014-Assignment-02\Word.h(16,20): message : see declaration of 'Word::type'
C:\Users\James\Documents\GitHub\CSP2104-Assignment-02\CSP2014-Assignment-02\Word.h(14,7): message : see declaration of 'Word'
C:\Users\James\Documents\GitHub\CSP2104-Assignment-02\CSP2014-Assignment-02\CSP2014-Assignment-02.cpp(265,13): error C2248: 'Word::type': cannot access private member declared in class 'Word'
C:\Users\James\Documents\GitHub\CSP2104-Assignment-02\CSP2014-Assignment-02\Word.h(16,20): message : see declaration of 'Word::type'
C:\Users\James\Documents\GitHub\CSP2104-Assignment-02\CSP2014-Assignment-02\Word.h(14,7): message : see declaration of 'Word'
C:\Users\James\Documents\GitHub\CSP2104-Assignment-02\CSP2014-Assignment-02\CSP2014-Assignment-02.cpp(268,13): error C2248: 'Word::type': cannot access private member declared in class 'Word'
C:\Users\James\Documents\GitHub\CSP2104-Assignment-02\CSP2014-Assignment-02\Word.h(16,20): message : see declaration of 'Word::type'
C:\Users\James\Documents\GitHub\CSP2104-Assignment-02\CSP2014-Assignment-02\Word.h(14,7): message : see declaration of 'Word'
C:\Users\James\Documents\GitHub\CSP2104-Assignment-02\CSP2014-Assignment-02\CSP2014-Assignment-02.cpp(271,13): error C2248: 'Word::type': cannot access private member declared in class 'Word'
C:\Users\James\Documents\GitHub\CSP2104-Assignment-02\CSP2014-Assignment-02\Word.h(16,20): message : see declaration of 'Word::type'
C:\Users\James\Documents\GitHub\CSP2104-Assignment-02\CSP2014-Assignment-02\Word.h(14,7): message : see declaration of 'Word'
C:\Users\James\Documents\GitHub\CSP2104-Assignment-02\CSP2014-Assignment-02\CSP2014-Assignment-02.cpp(274,13): error C2248: 'Word::type': cannot access private member declared in class 'Word'
C:\Users\James\Documents\GitHub\CSP2104-Assignment-02\CSP2014-Assignment-02\Word.h(16,20): message : see declaration of 'Word::type'
C:\Users\James\Documents\GitHub\CSP2104-Assignment-02\CSP2014-Assignment-02\Word.h(14,7): message : see declaration of 'Word'
C:\Users\James\Documents\GitHub\CSP2104-Assignment-02\CSP2014-Assignment-02\CSP2014-Assignment-02.cpp(284,12): error C2248: 'Word::definition': cannot access private member declared in class 'Word'
C:\Users\James\Documents\GitHub\CSP2104-Assignment-02\CSP2014-Assignment-02\Word.h(16,26): message : see declaration of 'Word::definition'
C:\Users\James\Documents\GitHub\CSP2104-Assignment-02\CSP2014-Assignment-02\Word.h(14,7): message : see declaration of 'Word'
